<?xml version="1.0" encoding="UTF-8"?>
<!-- Generated by org.testng.reporters.JUnitReportReporter -->
<testsuite hostname="TYSS-Girija" failures="0" tests="1" name="qwer.Bhibhu" time="0.008" errors="0" timestamp="05 Sep 2022 05:36:50 GMT" skipped="0">
  <testcase classname="qwer.Bhibhu" name="m1" time="0.008"/>
</testsuite> <!-- qwer.Bhibhu -->
